<?xml version="1.0" encoding="UTF-8"?>
<!-- Generated by org.testng.reporters.JUnitXMLReporter -->
<testsuite ignored="0" hostname="Harini" failures="1" tests="1" name="firfoxtest" time="0.015" errors="0" timestamp="2025-04-14T14:44:27 IST">
  <testcase classname="testCases.TC001_AccountRegistrationtest" name="verify_account_registartion" time="0.002">
    <failure type="java.lang.AssertionError" message="null">
      <![CDATA[java.lang.AssertionError: null
at testCases.TC001_AccountRegistrationtest.verify_account_registartion(TC001_AccountRegistrationtest.java:61)
at java.base/java.util.ArrayList.forEach(ArrayList.java:1511)
... Removed 27 stack frames]]>
    </failure>
  </testcase> <!-- verify_account_registartion -->
</testsuite> <!-- firfoxtest -->
